<?xml version="1.0" encoding="utf-8"?><testsuites name="pytest tests"><testsuite name="pytest" errors="0" failures="0" skipped="0" tests="32" time="3.750" timestamp="2026-04-19T00:50:22.961292+00:00" hostname="agent-env-ccad293a-7dae-40de-a0ac-fd48d5e036fd"><testcase classname="tests.test_music_app" name="test_health_check" time="0.299" /><testcase classname="tests.test_music_app" name="test_register_new_user" time="0.300" /><testcase classname="tests.test_music_app" name="test_login_success" time="0.560" /><testcase classname="tests.test_music_app" name="test_login_invalid_credentials" time="0.276" /><testcase classname="tests.test_music_app" name="test_get_current_user" time="0.050" /><testcase classname="tests.test_music_app" name="test_create_artist" time="0.060" /><testcase classname="tests.test_music_app" name="test_get_artists" time="0.111" /><testcase classname="tests.test_music_app" name="test_search_artists" time="0.059" /><testcase classname="tests.test_music_app" name="test_get_artist_by_id" time="0.064" /><testcase classname="tests.test_music_app" name="test_update_artist" time="0.059" /><testcase classname="tests.test_music_app" name="test_create_song" time="0.120" /><testcase classname="tests.test_music_app" name="test_get_songs" time="0.107" /><testcase classname="tests.test_music_app" name="test_search_songs" time="0.053" /><testcase classname="tests.test_music_app" name="test_filter_songs_by_status" time="0.051" /><testcase classname="tests.test_music_app" name="test_filter_songs_by_artist" time="0.055" /><testcase classname="tests.test_music_app" name="test_get_song_by_id" time="0.052" /><testcase classname="tests.test_music_app" name="test_update_song" time="0.107" /><testcase classname="tests.test_music_app" name="test_add_suno_generation" time="0.053" /><testcase classname="tests.test_music_app" name="test_delete_suno_generation" time="0.155" /><testcase classname="tests.test_music_app" name="test_create_idea" time="0.136" /><testcase classname="tests.test_music_app" name="test_get_ideas" time="0.102" /><testcase classname="tests.test_music_app" name="test_search_ideas" time="0.057" /><testcase classname="tests.test_music_app" name="test_filter_ideas_by_type" time="0.049" /><testcase classname="tests.test_music_app" name="test_get_idea_by_id" time="0.059" /><testcase classname="tests.test_music_app" name="test_update_idea" time="0.055" /><testcase classname="tests.test_music_app" name="test_create_distribution" time="0.114" /><testcase classname="tests.test_music_app" name="test_get_distributions" time="0.050" /><testcase classname="tests.test_music_app" name="test_get_distributions_by_song" time="0.049" /><testcase classname="tests.test_music_app" name="test_update_distribution" time="0.102" /><testcase classname="tests.test_music_app" name="test_format_for_sharing" time="0.050" /><testcase classname="tests.test_music_app" name="test_dashboard_stats" time="0.054" /><testcase classname="tests.test_music_app" name="test_cleanup_test_data" time="0.153" /></testsuite></testsuites>